<?xml version="1.0" encoding="UTF-8"?><testrun name="TestRunner" project="framework" tests="34" started="34" failures="0" errors="4" ignored="0">
  <testsuite name="CucumberOptions.TestRunner" time="102.026">
    <testsuite name="Login to Bugzilla using Different Set of Logins" time="102.026">
      <testsuite name="SignTo to Bugzilla #1" time="28.923">
        <testcase name="Open Bugzilla HomePage in the Browser" classname="SignTo to Bugzilla #1" time="4.545"/>
        <testcase name="Click on LoginLink on Homepage" classname="SignTo to Bugzilla #1" time="5.105"/>
        <testcase name="username and Password fields appears on Homepage" classname="SignTo to Bugzilla #1" time="0.033"/>
        <testcase name="Enter username chandra_nemani@hotmail.com Password and Password1 click Login" classname="SignTo to Bugzilla #1" time="11.651"/>
        <testcase name="Users should be able to login to Bugzilla successfully" classname="SignTo to Bugzilla #1" time="3.082"/>
        <testcase name="Click on Logout link" classname="SignTo to Bugzilla #1" time="4.433"/>
        <testcase name="Redirected to Homepage" classname="SignTo to Bugzilla #1" time="0.039"/>
      </testsuite>
      <testsuite name="SignTo to Bugzilla #2" time="26.776">
        <testcase name="Open Bugzilla HomePage in the Browser" classname="SignTo to Bugzilla #2" time="2.385"/>
        <testcase name="Click on LoginLink on Homepage" classname="SignTo to Bugzilla #2" time="5.105"/>
        <testcase name="username and Password fields appears on Homepage" classname="SignTo to Bugzilla #2" time="0.03"/>
        <testcase name="Enter username nemani.sureshbabu@gmail.com Password and Password3 click Login" classname="SignTo to Bugzilla #2" time="11.732"/>
        <testcase name="Users should be able to login to Bugzilla successfully" classname="SignTo to Bugzilla #2" time="3.074"/>
        <testcase name="Click on Logout link" classname="SignTo to Bugzilla #2" time="4.393"/>
        <testcase name="Redirected to Homepage" classname="SignTo to Bugzilla #2" time="0.04"/>
      </testsuite>
      <testsuite name="Validate to Bugzilla Login #1" time="22.703" incomplete="true">
        <error>org.openqa.selenium.NoSuchElementException: no such element: Unable to locate element: {"method":"xpath","selector":"//*[@id='bugzilla-body']//td"}
  (Session info: chrome=98.0.4758.102)
For documentation on this error, please visit: https://selenium.dev/exceptions/#no_such_element
Build info: version: '4.1.2', revision: '9a5a329c5a'
System info: host: 'HPOMEN15', ip: '192.168.0.104', os.name: 'Windows 11', os.arch: 'amd64', os.version: '10.0', java.version: '17.0.2'
Driver info: org.openqa.selenium.chrome.ChromeDriver
Command: [45117665792fbf6fa255edbc608ce85c, findElement {using=xpath, value=//*[@id='bugzilla-body']//td}]
Capabilities {acceptInsecureCerts: false, browserName: chrome, browserVersion: 98.0.4758.102, chrome: {chromedriverVersion: 97.0.4692.71 (adefa7837d02a..., userDataDir: C:\Users\chand\AppData\Loca...}, goog:chromeOptions: {debuggerAddress: localhost:64761}, javascriptEnabled: true, networkConnectionEnabled: false, pageLoadStrategy: normal, platform: WINDOWS, platformName: WINDOWS, proxy: Proxy(), se:cdp: ws://localhost:64761/devtoo..., se:cdpVersion: 98.0.4758.102, setWindowRect: true, strictFileInteractability: false, timeouts: {implicit: 0, pageLoad: 300000, script: 30000}, unhandledPromptBehavior: dismiss and notify, webauthn:extension:credBlob: true, webauthn:extension:largeBlob: true, webauthn:virtualAuthenticators: true}
Session ID: 45117665792fbf6fa255edbc608ce85c&#13;
	at java.base/jdk.internal.reflect.NativeConstructorAccessorImpl.newInstance0(Native Method)&#13;
	at java.base/jdk.internal.reflect.NativeConstructorAccessorImpl.newInstance(NativeConstructorAccessorImpl.java:77)&#13;
	at java.base/jdk.internal.reflect.DelegatingConstructorAccessorImpl.newInstance(DelegatingConstructorAccessorImpl.java:45)&#13;
	at java.base/java.lang.reflect.Constructor.newInstanceWithCaller(Constructor.java:499)&#13;
	at java.base/java.lang.reflect.Constructor.newInstance(Constructor.java:480)&#13;
	at org.openqa.selenium.remote.codec.w3c.W3CHttpResponseCodec.createException(W3CHttpResponseCodec.java:200)&#13;
	at org.openqa.selenium.remote.codec.w3c.W3CHttpResponseCodec.decode(W3CHttpResponseCodec.java:133)&#13;
	at org.openqa.selenium.remote.codec.w3c.W3CHttpResponseCodec.decode(W3CHttpResponseCodec.java:53)&#13;
	at org.openqa.selenium.remote.HttpCommandExecutor.execute(HttpCommandExecutor.java:184)&#13;
	at org.openqa.selenium.remote.service.DriverCommandExecutor.invokeExecute(DriverCommandExecutor.java:167)&#13;
	at org.openqa.selenium.remote.service.DriverCommandExecutor.execute(DriverCommandExecutor.java:142)&#13;
	at org.openqa.selenium.remote.RemoteWebDriver.execute(RemoteWebDriver.java:558)&#13;
	at org.openqa.selenium.remote.ElementLocation$ElementFinder$2.findElement(ElementLocation.java:162)&#13;
	at org.openqa.selenium.remote.ElementLocation.findElement(ElementLocation.java:60)&#13;
	at org.openqa.selenium.remote.RemoteWebDriver.findElement(RemoteWebDriver.java:382)&#13;
	at org.openqa.selenium.remote.RemoteWebDriver.findElement(RemoteWebDriver.java:374)&#13;
	at Pageobjects.InvalidUsernameOrPasswordPage.RedirectedErrorpage(InvalidUsernameOrPasswordPage.java:24)&#13;
	at Steps.InvalidUsernameOrPasswordPageSteps.or_else_redirected_to_inavalid_usernameand_passwordpage(InvalidUsernameOrPasswordPageSteps.java:23)&#13;
	at ✽.or Else redirected to InavalidUsernameandPasswordpage(file:///C:/Users/chand/Selenium%20WorkSpace/framework/src/test/java/Features/BugzillaLogin_usingDifferentLogins.feature:25)&#13;
&#13;
</error>
        <testcase name="Open Bugzilla HomePage in the Browser" classname="Validate to Bugzilla Login #1" time="2.598"/>
        <testcase name="Click on LoginLink on Homepage" classname="Validate to Bugzilla Login #1" time="5.098"/>
        <testcase name="username and Password fields appears on Homepage" classname="Validate to Bugzilla Login #1" time="0.03"/>
        <testcase name="Enter username chandra_nemani@hotmail.com Password and Password1 click Login" classname="Validate to Bugzilla Login #1" time="11.602"/>
        <testcase name="Users should be able to login to Bugzilla successfully" classname="Validate to Bugzilla Login #1" time="3.061"/>
        <testcase name="or Else redirected to InavalidUsernameandPasswordpage" classname="Validate to Bugzilla Login #1" time="0.048">
          <error>org.openqa.selenium.NoSuchElementException: no such element: Unable to locate element: {"method":"xpath","selector":"//*[@id='bugzilla-body']//td"}
  (Session info: chrome=98.0.4758.102)
For documentation on this error, please visit: https://selenium.dev/exceptions/#no_such_element
Build info: version: '4.1.2', revision: '9a5a329c5a'
System info: host: 'HPOMEN15', ip: '192.168.0.104', os.name: 'Windows 11', os.arch: 'amd64', os.version: '10.0', java.version: '17.0.2'
Driver info: org.openqa.selenium.chrome.ChromeDriver
Command: [45117665792fbf6fa255edbc608ce85c, findElement {using=xpath, value=//*[@id='bugzilla-body']//td}]
Capabilities {acceptInsecureCerts: false, browserName: chrome, browserVersion: 98.0.4758.102, chrome: {chromedriverVersion: 97.0.4692.71 (adefa7837d02a..., userDataDir: C:\Users\chand\AppData\Loca...}, goog:chromeOptions: {debuggerAddress: localhost:64761}, javascriptEnabled: true, networkConnectionEnabled: false, pageLoadStrategy: normal, platform: WINDOWS, platformName: WINDOWS, proxy: Proxy(), se:cdp: ws://localhost:64761/devtoo..., se:cdpVersion: 98.0.4758.102, setWindowRect: true, strictFileInteractability: false, timeouts: {implicit: 0, pageLoad: 300000, script: 30000}, unhandledPromptBehavior: dismiss and notify, webauthn:extension:credBlob: true, webauthn:extension:largeBlob: true, webauthn:virtualAuthenticators: true}
Session ID: 45117665792fbf6fa255edbc608ce85c&#13;
	at java.base/jdk.internal.reflect.NativeConstructorAccessorImpl.newInstance0(Native Method)&#13;
	at java.base/jdk.internal.reflect.NativeConstructorAccessorImpl.newInstance(NativeConstructorAccessorImpl.java:77)&#13;
	at java.base/jdk.internal.reflect.DelegatingConstructorAccessorImpl.newInstance(DelegatingConstructorAccessorImpl.java:45)&#13;
	at java.base/java.lang.reflect.Constructor.newInstanceWithCaller(Constructor.java:499)&#13;
	at java.base/java.lang.reflect.Constructor.newInstance(Constructor.java:480)&#13;
	at org.openqa.selenium.remote.codec.w3c.W3CHttpResponseCodec.createException(W3CHttpResponseCodec.java:200)&#13;
	at org.openqa.selenium.remote.codec.w3c.W3CHttpResponseCodec.decode(W3CHttpResponseCodec.java:133)&#13;
	at org.openqa.selenium.remote.codec.w3c.W3CHttpResponseCodec.decode(W3CHttpResponseCodec.java:53)&#13;
	at org.openqa.selenium.remote.HttpCommandExecutor.execute(HttpCommandExecutor.java:184)&#13;
	at org.openqa.selenium.remote.service.DriverCommandExecutor.invokeExecute(DriverCommandExecutor.java:167)&#13;
	at org.openqa.selenium.remote.service.DriverCommandExecutor.execute(DriverCommandExecutor.java:142)&#13;
	at org.openqa.selenium.remote.RemoteWebDriver.execute(RemoteWebDriver.java:558)&#13;
	at org.openqa.selenium.remote.ElementLocation$ElementFinder$2.findElement(ElementLocation.java:162)&#13;
	at org.openqa.selenium.remote.ElementLocation.findElement(ElementLocation.java:60)&#13;
	at org.openqa.selenium.remote.RemoteWebDriver.findElement(RemoteWebDriver.java:382)&#13;
	at org.openqa.selenium.remote.RemoteWebDriver.findElement(RemoteWebDriver.java:374)&#13;
	at Pageobjects.InvalidUsernameOrPasswordPage.RedirectedErrorpage(InvalidUsernameOrPasswordPage.java:24)&#13;
	at Steps.InvalidUsernameOrPasswordPageSteps.or_else_redirected_to_inavalid_usernameand_passwordpage(InvalidUsernameOrPasswordPageSteps.java:23)&#13;
	at ✽.or Else redirected to InavalidUsernameandPasswordpage(file:///C:/Users/chand/Selenium%20WorkSpace/framework/src/test/java/Features/BugzillaLogin_usingDifferentLogins.feature:25)&#13;
&#13;
</error>
        </testcase>
        <testcase name="Page title should &quot;Bugzilla – Invalid Username Or Password&quot;" classname="Validate to Bugzilla Login #1" time="0.003">
          <skipped>io.cucumber.junit.SkippedThrowable: This step is skipped&#13;
&#13;
</skipped>
        </testcase>
        <testcase name="ErrorMessage should be &quot;The username or password you entered is not valid.&quot;" classname="Validate to Bugzilla Login #1" time="0.001">
          <skipped>io.cucumber.junit.SkippedThrowable: This step is skipped&#13;
&#13;
</skipped>
        </testcase>
        <testcase name="Click on Logout link" classname="Validate to Bugzilla Login #1" time="0.001">
          <skipped>io.cucumber.junit.SkippedThrowable: This step is skipped&#13;
&#13;
</skipped>
        </testcase>
        <testcase name="Redirected to Homepage" classname="Validate to Bugzilla Login #1" time="0.001">
          <skipped>io.cucumber.junit.SkippedThrowable: This step is skipped&#13;
&#13;
</skipped>
        </testcase>
      </testsuite>
      <testsuite name="Validate to Bugzilla Login #2" time="22.749" incomplete="true">
        <error>org.openqa.selenium.NoSuchElementException: no such element: Unable to locate element: {"method":"xpath","selector":"//*[@id='bugzilla-body']//td"}
  (Session info: chrome=98.0.4758.102)
For documentation on this error, please visit: https://selenium.dev/exceptions/#no_such_element
Build info: version: '4.1.2', revision: '9a5a329c5a'
System info: host: 'HPOMEN15', ip: '192.168.0.104', os.name: 'Windows 11', os.arch: 'amd64', os.version: '10.0', java.version: '17.0.2'
Driver info: org.openqa.selenium.chrome.ChromeDriver
Command: [0a0d105dd29d1a56a9f38000f2d81980, findElement {using=xpath, value=//*[@id='bugzilla-body']//td}]
Capabilities {acceptInsecureCerts: false, browserName: chrome, browserVersion: 98.0.4758.102, chrome: {chromedriverVersion: 97.0.4692.71 (adefa7837d02a..., userDataDir: C:\Users\chand\AppData\Loca...}, goog:chromeOptions: {debuggerAddress: localhost:64810}, javascriptEnabled: true, networkConnectionEnabled: false, pageLoadStrategy: normal, platform: WINDOWS, platformName: WINDOWS, proxy: Proxy(), se:cdp: ws://localhost:64810/devtoo..., se:cdpVersion: 98.0.4758.102, setWindowRect: true, strictFileInteractability: false, timeouts: {implicit: 0, pageLoad: 300000, script: 30000}, unhandledPromptBehavior: dismiss and notify, webauthn:extension:credBlob: true, webauthn:extension:largeBlob: true, webauthn:virtualAuthenticators: true}
Session ID: 0a0d105dd29d1a56a9f38000f2d81980&#13;
	at java.base/jdk.internal.reflect.NativeConstructorAccessorImpl.newInstance0(Native Method)&#13;
	at java.base/jdk.internal.reflect.NativeConstructorAccessorImpl.newInstance(NativeConstructorAccessorImpl.java:77)&#13;
	at java.base/jdk.internal.reflect.DelegatingConstructorAccessorImpl.newInstance(DelegatingConstructorAccessorImpl.java:45)&#13;
	at java.base/java.lang.reflect.Constructor.newInstanceWithCaller(Constructor.java:499)&#13;
	at java.base/java.lang.reflect.Constructor.newInstance(Constructor.java:480)&#13;
	at org.openqa.selenium.remote.codec.w3c.W3CHttpResponseCodec.createException(W3CHttpResponseCodec.java:200)&#13;
	at org.openqa.selenium.remote.codec.w3c.W3CHttpResponseCodec.decode(W3CHttpResponseCodec.java:133)&#13;
	at org.openqa.selenium.remote.codec.w3c.W3CHttpResponseCodec.decode(W3CHttpResponseCodec.java:53)&#13;
	at org.openqa.selenium.remote.HttpCommandExecutor.execute(HttpCommandExecutor.java:184)&#13;
	at org.openqa.selenium.remote.service.DriverCommandExecutor.invokeExecute(DriverCommandExecutor.java:167)&#13;
	at org.openqa.selenium.remote.service.DriverCommandExecutor.execute(DriverCommandExecutor.java:142)&#13;
	at org.openqa.selenium.remote.RemoteWebDriver.execute(RemoteWebDriver.java:558)&#13;
	at org.openqa.selenium.remote.ElementLocation$ElementFinder$2.findElement(ElementLocation.java:162)&#13;
	at org.openqa.selenium.remote.ElementLocation.findElement(ElementLocation.java:60)&#13;
	at org.openqa.selenium.remote.RemoteWebDriver.findElement(RemoteWebDriver.java:382)&#13;
	at org.openqa.selenium.remote.RemoteWebDriver.findElement(RemoteWebDriver.java:374)&#13;
	at Pageobjects.InvalidUsernameOrPasswordPage.RedirectedErrorpage(InvalidUsernameOrPasswordPage.java:24)&#13;
	at Steps.InvalidUsernameOrPasswordPageSteps.or_else_redirected_to_inavalid_usernameand_passwordpage(InvalidUsernameOrPasswordPageSteps.java:23)&#13;
	at ✽.or Else redirected to InavalidUsernameandPasswordpage(file:///C:/Users/chand/Selenium%20WorkSpace/framework/src/test/java/Features/BugzillaLogin_usingDifferentLogins.feature:25)&#13;
&#13;
</error>
        <testcase name="Open Bugzilla HomePage in the Browser" classname="Validate to Bugzilla Login #2" time="2.713"/>
        <testcase name="Click on LoginLink on Homepage" classname="Validate to Bugzilla Login #2" time="5.102"/>
        <testcase name="username and Password fields appears on Homepage" classname="Validate to Bugzilla Login #2" time="0.03"/>
        <testcase name="Enter username nemani.sureshbabu@gmail.com Password and Password3 click Login" classname="Validate to Bugzilla Login #2" time="11.597"/>
        <testcase name="Users should be able to login to Bugzilla successfully" classname="Validate to Bugzilla Login #2" time="3.069"/>
        <testcase name="or Else redirected to InavalidUsernameandPasswordpage" classname="Validate to Bugzilla Login #2" time="0.018">
          <error>org.openqa.selenium.NoSuchElementException: no such element: Unable to locate element: {"method":"xpath","selector":"//*[@id='bugzilla-body']//td"}
  (Session info: chrome=98.0.4758.102)
For documentation on this error, please visit: https://selenium.dev/exceptions/#no_such_element
Build info: version: '4.1.2', revision: '9a5a329c5a'
System info: host: 'HPOMEN15', ip: '192.168.0.104', os.name: 'Windows 11', os.arch: 'amd64', os.version: '10.0', java.version: '17.0.2'
Driver info: org.openqa.selenium.chrome.ChromeDriver
Command: [0a0d105dd29d1a56a9f38000f2d81980, findElement {using=xpath, value=//*[@id='bugzilla-body']//td}]
Capabilities {acceptInsecureCerts: false, browserName: chrome, browserVersion: 98.0.4758.102, chrome: {chromedriverVersion: 97.0.4692.71 (adefa7837d02a..., userDataDir: C:\Users\chand\AppData\Loca...}, goog:chromeOptions: {debuggerAddress: localhost:64810}, javascriptEnabled: true, networkConnectionEnabled: false, pageLoadStrategy: normal, platform: WINDOWS, platformName: WINDOWS, proxy: Proxy(), se:cdp: ws://localhost:64810/devtoo..., se:cdpVersion: 98.0.4758.102, setWindowRect: true, strictFileInteractability: false, timeouts: {implicit: 0, pageLoad: 300000, script: 30000}, unhandledPromptBehavior: dismiss and notify, webauthn:extension:credBlob: true, webauthn:extension:largeBlob: true, webauthn:virtualAuthenticators: true}
Session ID: 0a0d105dd29d1a56a9f38000f2d81980&#13;
	at java.base/jdk.internal.reflect.NativeConstructorAccessorImpl.newInstance0(Native Method)&#13;
	at java.base/jdk.internal.reflect.NativeConstructorAccessorImpl.newInstance(NativeConstructorAccessorImpl.java:77)&#13;
	at java.base/jdk.internal.reflect.DelegatingConstructorAccessorImpl.newInstance(DelegatingConstructorAccessorImpl.java:45)&#13;
	at java.base/java.lang.reflect.Constructor.newInstanceWithCaller(Constructor.java:499)&#13;
	at java.base/java.lang.reflect.Constructor.newInstance(Constructor.java:480)&#13;
	at org.openqa.selenium.remote.codec.w3c.W3CHttpResponseCodec.createException(W3CHttpResponseCodec.java:200)&#13;
	at org.openqa.selenium.remote.codec.w3c.W3CHttpResponseCodec.decode(W3CHttpResponseCodec.java:133)&#13;
	at org.openqa.selenium.remote.codec.w3c.W3CHttpResponseCodec.decode(W3CHttpResponseCodec.java:53)&#13;
	at org.openqa.selenium.remote.HttpCommandExecutor.execute(HttpCommandExecutor.java:184)&#13;
	at org.openqa.selenium.remote.service.DriverCommandExecutor.invokeExecute(DriverCommandExecutor.java:167)&#13;
	at org.openqa.selenium.remote.service.DriverCommandExecutor.execute(DriverCommandExecutor.java:142)&#13;
	at org.openqa.selenium.remote.RemoteWebDriver.execute(RemoteWebDriver.java:558)&#13;
	at org.openqa.selenium.remote.ElementLocation$ElementFinder$2.findElement(ElementLocation.java:162)&#13;
	at org.openqa.selenium.remote.ElementLocation.findElement(ElementLocation.java:60)&#13;
	at org.openqa.selenium.remote.RemoteWebDriver.findElement(RemoteWebDriver.java:382)&#13;
	at org.openqa.selenium.remote.RemoteWebDriver.findElement(RemoteWebDriver.java:374)&#13;
	at Pageobjects.InvalidUsernameOrPasswordPage.RedirectedErrorpage(InvalidUsernameOrPasswordPage.java:24)&#13;
	at Steps.InvalidUsernameOrPasswordPageSteps.or_else_redirected_to_inavalid_usernameand_passwordpage(InvalidUsernameOrPasswordPageSteps.java:23)&#13;
	at ✽.or Else redirected to InavalidUsernameandPasswordpage(file:///C:/Users/chand/Selenium%20WorkSpace/framework/src/test/java/Features/BugzillaLogin_usingDifferentLogins.feature:25)&#13;
&#13;
</error>
        </testcase>
        <testcase name="Page title should &quot;Bugzilla – Invalid Username Or Password&quot;" classname="Validate to Bugzilla Login #2" time="0.002">
          <skipped>io.cucumber.junit.SkippedThrowable: This step is skipped&#13;
&#13;
</skipped>
        </testcase>
        <testcase name="ErrorMessage should be &quot;The username or password you entered is not valid.&quot;" classname="Validate to Bugzilla Login #2" time="0.0">
          <skipped>io.cucumber.junit.SkippedThrowable: This step is skipped&#13;
&#13;
</skipped>
        </testcase>
        <testcase name="Click on Logout link" classname="Validate to Bugzilla Login #2" time="0.001">
          <skipped>io.cucumber.junit.SkippedThrowable: This step is skipped&#13;
&#13;
</skipped>
        </testcase>
        <testcase name="Redirected to Homepage" classname="Validate to Bugzilla Login #2" time="0.001">
          <skipped>io.cucumber.junit.SkippedThrowable: This step is skipped&#13;
&#13;
</skipped>
        </testcase>
      </testsuite>
    </testsuite>
  </testsuite>
</testrun>
